<?xml version="1.0" encoding="UTF-8"?>
<!-- Generated by org.testng.reporters.JUnitReportReporter -->
<testsuite hostname="LAPTOP-MC747HQ9" failures="0" tests="6" name="backbaseQA.crudArticle" time="8.030" errors="0" timestamp="2021-07-05T23:50:23 IST" skipped="0">
  <testcase classname="backbaseQA.crudArticle" name="handleAlert" time="3.569"/>
  <system-out/>
  <testcase classname="backbaseQA.crudArticle" name="loginConduit" time="0.343"/>
  <system-out/>
  <testcase classname="backbaseQA.crudArticle" name="createNewArticle" time="1.147"/>
  <system-out/>
  <testcase classname="backbaseQA.crudArticle" name="readArticle" time="0.913"/>
  <system-out/>
  <testcase classname="backbaseQA.crudArticle" name="updateArticle" time="0.569"/>
  <system-out/>
  <testcase classname="backbaseQA.crudArticle" name="deleteArticle" time="1.489"/>
  <system-out/>
</testsuite> <!-- backbaseQA.crudArticle -->
