<?xml version="1.0" encoding="UTF-8"?>
<!-- Generated by org.testng.reporters.JUnitReportReporter -->
<testsuite skipped="0" hostname="PC" name="backbaseQA.crudArticle" tests="6" failures="0" timestamp="2021-07-06T00:15:52 EDT" time="10.273" errors="0">
  <testcase name="handleAlert" time="5.572" classname="backbaseQA.crudArticle"/>
  <system-out/>
  <testcase name="loginConduit" time="0.371" classname="backbaseQA.crudArticle"/>
  <system-out/>
  <testcase name="createNewArticle" time="1.276" classname="backbaseQA.crudArticle"/>
  <system-out/>
  <testcase name="readArticle" time="0.954" classname="backbaseQA.crudArticle"/>
  <system-out/>
  <testcase name="updateArticle" time="0.538" classname="backbaseQA.crudArticle"/>
  <system-out/>
  <testcase name="deleteArticle" time="1.562" classname="backbaseQA.crudArticle"/>
  <system-out/>
</testsuite> <!-- backbaseQA.crudArticle -->
