<?xml version="1.0" encoding="UTF-8"?>
<!-- Generated by org.testng.reporters.JUnitReportReporter -->
<testsuite hostname="LAPTOP-MC747HQ9" failures="0" tests="6" name="backbaseQA.crudArticle" time="8.379" errors="0" timestamp="2021-07-04T20:11:41 IST" skipped="0">
  <testcase classname="backbaseQA.crudArticle" name="handleAlert" time="3.721"/>
  <system-out/>
  <testcase classname="backbaseQA.crudArticle" name="loginConduit" time="0.381"/>
  <system-out/>
  <testcase classname="backbaseQA.crudArticle" name="createNewArticle" time="1.165"/>
  <system-out/>
  <testcase classname="backbaseQA.crudArticle" name="readArticle" time="0.990"/>
  <system-out/>
  <testcase classname="backbaseQA.crudArticle" name="updateArticle" time="0.613"/>
  <system-out/>
  <testcase classname="backbaseQA.crudArticle" name="deleteArticle" time="1.509"/>
  <system-out/>
</testsuite> <!-- backbaseQA.crudArticle -->
